Removed Pin From Net: NetName=NetICSP_HDR_1 Pin=ICSP_HDR-1
Removed Pin From Net: NetName=NetICSP_HDR_2 Pin=ICSP_HDR-2
Removed Pin From Net: NetName=NetICSP_HDR_3 Pin=ICSP_HDR-3
Removed Pin From Net: NetName=NetICSP_HDR_5 Pin=ICSP_HDR-5
Removed Pin From Net: NetName=NetICSP_HDR_1 Pin=PWR_HDR-1
Removed Pin From Net: NetName=NetD1_1 Pin=PWR_HDR-2
Removed Member From Class: ClassName=PIC_Prototyping_Schematic Member=ICSP_HDR
Removed Member From Class: ClassName=PIC_Prototyping_Schematic Member=PWR_HDR
Change Component DesignItemId : Designator=ACCEL Old DesignItemId=Header 3H New DesignItemId=Header 3
Change Component DesignItemId : Designator=HEALTH_LED Old DesignItemId=Header 3H New DesignItemId=Header 3
Change Component DesignItemId : Designator=SPI Old DesignItemId=Header 3H New DesignItemId=Header 3
Change Component Footprint: Designator=ACCEL Old Footprint=HDR1X3H New Footprint=HDR1X3
Change Component Footprint: Designator=HEALTH_LED Old Footprint=HDR1X3H New Footprint=HDR1X3
Change Component Footprint: Designator=SPI Old Footprint=HDR1X3H New Footprint=HDR1X3
Change Component Comment : Designator=ACCEL Old Comment=Header 3H New Comment=Header 3
Change Component Comment : Designator=HEALTH_LED Old Comment=Header 3H New Comment=Header 3
Change Component Comment : Designator=SPI Old Comment=Header 3H New Comment=Header 3
Added Component: Designator=ICSP(HDR1X5)
Added Component: Designator=POWER(HDR1X2)
Added Pin To Net: NetName=NetICSP_HDR_1 Pin=ICSP-1
Added Pin To Net: NetName=NetICSP_HDR_2 Pin=ICSP-2
Added Pin To Net: NetName=NetICSP_HDR_3 Pin=ICSP-3
Added Pin To Net: NetName=NetICSP_HDR_5 Pin=ICSP-5
Added Pin To Net: NetName=NetICSP_HDR_1 Pin=POWER-1
Added Pin To Net: NetName=NetD1_1 Pin=POWER-2
Change Net Name : Old Net Name=NetICSP_HDR_1 New Net Name=NetICSP_1
Change Net Name : Old Net Name=NetICSP_HDR_2 New Net Name=NetICSP_2
Change Net Name : Old Net Name=NetICSP_HDR_3 New Net Name=NetICSP_3
Change Net Name : Old Net Name=NetICSP_HDR_5 New Net Name=NetICSP_5
Added Member To Class: ClassName=PIC_Prototyping_Schematic Member=Component ICSP Header 5
Added Member To Class: ClassName=PIC_Prototyping_Schematic Member=Component POWER Header 2
