Error[121]   C:\USERS\BRANDON\DROPBOX\4013SE~1\RESEARCH\PIC\MUTLIS~1\MCU\PROTOT~1\PROTOT~1\PROTOT~1\MAIN.ASM 1 : Illegal label (opt)
Error[122]   C:\USERS\BRANDON\DROPBOX\4013SE~1\RESEARCH\PIC\MUTLIS~1\MCU\PROTOT~1\PROTOT~1\PROTOT~1\MAIN.ASM 3 : Illegal opcode (pagewidth)
Warning[207] C:\USERS\BRANDON\DROPBOX\4013SE~1\RESEARCH\PIC\MUTLIS~1\MCU\PROTOT~1\PROTOT~1\PROTOT~1\MAIN.ASM 5 : Found label after column 1. (opt)
Error[122]   C:\USERS\BRANDON\DROPBOX\4013SE~1\RESEARCH\PIC\MUTLIS~1\MCU\PROTOT~1\PROTOT~1\PROTOT~1\MAIN.ASM 5 : Illegal opcode (pm)
Warning[204] C:\USERS\BRANDON\DROPBOX\4013SE~1\RESEARCH\PIC\MUTLIS~1\MCU\PROTOT~1\PROTOT~1\PROTOT~1\MAIN.ASM 8 : Found pseudo-op in column 1. (clrc)
Warning[211] C:\USERS\BRANDON\DROPBOX\4013SE~1\RESEARCH\PIC\MUTLIS~1\MCU\PROTOT~1\PROTOT~1\PROTOT~1\MAIN.ASM 8 : Extraneous arguments on the line.
Error[145]   C:\USERS\BRANDON\DROPBOX\4013SE~1\RESEARCH\PIC\MUTLIS~1\MCU\PROTOT~1\PROTOT~1\PROTOT~1\MAIN.ASM 10 : Unmatched ENDM
Warning[204] C:\USERS\BRANDON\DROPBOX\4013SE~1\RESEARCH\PIC\MUTLIS~1\MCU\PROTOT~1\PROTOT~1\PROTOT~1\MAIN.ASM 11 : Found pseudo-op in column 1. (clrz)
Warning[211] C:\USERS\BRANDON\DROPBOX\4013SE~1\RESEARCH\PIC\MUTLIS~1\MCU\PROTOT~1\PROTOT~1\PROTOT~1\MAIN.ASM 11 : Extraneous arguments on the line.
Error[145]   C:\USERS\BRANDON\DROPBOX\4013SE~1\RESEARCH\PIC\MUTLIS~1\MCU\PROTOT~1\PROTOT~1\PROTOT~1\MAIN.ASM 13 : Unmatched ENDM
Warning[204] C:\USERS\BRANDON\DROPBOX\4013SE~1\RESEARCH\PIC\MUTLIS~1\MCU\PROTOT~1\PROTOT~1\PROTOT~1\MAIN.ASM 14 : Found pseudo-op in column 1. (setc)
Warning[211] C:\USERS\BRANDON\DROPBOX\4013SE~1\RESEARCH\PIC\MUTLIS~1\MCU\PROTOT~1\PROTOT~1\PROTOT~1\MAIN.ASM 14 : Extraneous arguments on the line.
Error[145]   C:\USERS\BRANDON\DROPBOX\4013SE~1\RESEARCH\PIC\MUTLIS~1\MCU\PROTOT~1\PROTOT~1\PROTOT~1\MAIN.ASM 16 : Unmatched ENDM
Warning[204] C:\USERS\BRANDON\DROPBOX\4013SE~1\RESEARCH\PIC\MUTLIS~1\MCU\PROTOT~1\PROTOT~1\PROTOT~1\MAIN.ASM 17 : Found pseudo-op in column 1. (setz)
Warning[211] C:\USERS\BRANDON\DROPBOX\4013SE~1\RESEARCH\PIC\MUTLIS~1\MCU\PROTOT~1\PROTOT~1\PROTOT~1\MAIN.ASM 17 : Extraneous arguments on the line.
Error[145]   C:\USERS\BRANDON\DROPBOX\4013SE~1\RESEARCH\PIC\MUTLIS~1\MCU\PROTOT~1\PROTOT~1\PROTOT~1\MAIN.ASM 19 : Unmatched ENDM
Error[108]   C:\USERS\BRANDON\DROPBOX\4013SE~1\RESEARCH\PIC\MUTLIS~1\MCU\PROTOT~1\PROTOT~1\PROTOT~1\MAIN.ASM 42 : Illegal character (1)
Warning[207] C:\USERS\BRANDON\DROPBOX\4013SE~1\RESEARCH\PIC\MUTLIS~1\MCU\PROTOT~1\PROTOT~1\PROTOT~1\MAIN.ASM 43 : Found label after column 1. (psect)
Error[121]   C:\USERS\BRANDON\DROPBOX\4013SE~1\RESEARCH\PIC\MUTLIS~1\MCU\PROTOT~1\PROTOT~1\PROTOT~1\MAIN.ASM 43 : Illegal label (psect)
Error[176]   C:\USERS\BRANDON\DROPBOX\4013SE~1\RESEARCH\PIC\MUTLIS~1\MCU\PROTOT~1\PROTOT~1\PROTOT~1\MAIN.ASM 43 : CONFIG Directive Error:  (processor "16F84A" is invalid for CONFIG directive)
Error[108]   C:\USERS\BRANDON\DROPBOX\4013SE~1\RESEARCH\PIC\MUTLIS~1\MCU\PROTOT~1\PROTOT~1\PROTOT~1\MAIN.ASM 44 : Illegal character (1)
Message[303] C:\USERS\BRANDON\DROPBOX\4013SE~1\RESEARCH\PIC\MUTLIS~1\MCU\PROTOT~1\PROTOT~1\PROTOT~1\MAIN.ASM 45 : Program word too large.  Truncated to core size. (FFF2)
Warning[207] C:\USERS\BRANDON\DROPBOX\4013SE~1\RESEARCH\PIC\MUTLIS~1\MCU\PROTOT~1\PROTOT~1\PROTOT~1\MAIN.ASM 46 : Found label after column 1. (FNROOT)
Error[122]   C:\USERS\BRANDON\DROPBOX\4013SE~1\RESEARCH\PIC\MUTLIS~1\MCU\PROTOT~1\PROTOT~1\PROTOT~1\MAIN.ASM 46 : Illegal opcode (_main)
Error[149]   C:\USERS\BRANDON\DROPBOX\4013SE~1\RESEARCH\PIC\MUTLIS~1\MCU\PROTOT~1\PROTOT~1\PROTOT~1\MAIN.ASM 47 : Directive only allowed when generating an object file
Error[122]   C:\USERS\BRANDON\DROPBOX\4013SE~1\RESEARCH\PIC\MUTLIS~1\MCU\PROTOT~1\PROTOT~1\PROTOT~1\MAIN.ASM 48 : Illegal opcode (maintext)
Warning[205] C:\USERS\BRANDON\DROPBOX\4013SE~1\RESEARCH\PIC\MUTLIS~1\MCU\PROTOT~1\PROTOT~1\PROTOT~1\MAIN.ASM 49 : Found directive in column 1. (global)
Error[149]   C:\USERS\BRANDON\DROPBOX\4013SE~1\RESEARCH\PIC\MUTLIS~1\MCU\PROTOT~1\PROTOT~1\PROTOT~1\MAIN.ASM 49 : Directive only allowed when generating an object file
Error[149]   C:\USERS\BRANDON\DROPBOX\4013SE~1\RESEARCH\PIC\MUTLIS~1\MCU\PROTOT~1\PROTOT~1\PROTOT~1\MAIN.ASM 52 : Directive only allowed when generating an object file
Warning[207] C:\USERS\BRANDON\DROPBOX\4013SE~1\RESEARCH\PIC\MUTLIS~1\MCU\PROTOT~1\PROTOT~1\PROTOT~1\MAIN.ASM 54 : Found label after column 1. (file)
Error[108]   C:\USERS\BRANDON\DROPBOX\4013SE~1\RESEARCH\PIC\MUTLIS~1\MCU\PROTOT~1\PROTOT~1\PROTOT~1\MAIN.ASM 54 : Illegal character (")
Warning[207] C:\USERS\BRANDON\DROPBOX\4013SE~1\RESEARCH\PIC\MUTLIS~1\MCU\PROTOT~1\PROTOT~1\PROTOT~1\MAIN.ASM 55 : Found label after column 1. (line)
Error[122]   C:\USERS\BRANDON\DROPBOX\4013SE~1\RESEARCH\PIC\MUTLIS~1\MCU\PROTOT~1\PROTOT~1\PROTOT~1\MAIN.ASM 55 : Illegal opcode (#)
Error[122]   C:\USERS\BRANDON\DROPBOX\4013SE~1\RESEARCH\PIC\MUTLIS~1\MCU\PROTOT~1\PROTOT~1\PROTOT~1\MAIN.ASM 56 : Illegal opcode (cinit)
Warning[205] C:\USERS\BRANDON\DROPBOX\4013SE~1\RESEARCH\PIC\MUTLIS~1\MCU\PROTOT~1\PROTOT~1\PROTOT~1\MAIN.ASM 57 : Found directive in column 1. (global)
Error[149]   C:\USERS\BRANDON\DROPBOX\4013SE~1\RESEARCH\PIC\MUTLIS~1\MCU\PROTOT~1\PROTOT~1\PROTOT~1\MAIN.ASM 57 : Directive only allowed when generating an object file
Error[122]   C:\USERS\BRANDON\DROPBOX\4013SE~1\RESEARCH\PIC\MUTLIS~1\MCU\PROTOT~1\PROTOT~1\PROTOT~1\MAIN.ASM 60 : Illegal opcode (cinit)
Warning[205] C:\USERS\BRANDON\DROPBOX\4013SE~1\RESEARCH\PIC\MUTLIS~1\MCU\PROTOT~1\PROTOT~1\PROTOT~1\MAIN.ASM 61 : Found directive in column 1. (global)
Error[149]   C:\USERS\BRANDON\DROPBOX\4013SE~1\RESEARCH\PIC\MUTLIS~1\MCU\PROTOT~1\PROTOT~1\PROTOT~1\MAIN.ASM 61 : Directive only allowed when generating an object file
Warning[203] C:\USERS\BRANDON\DROPBOX\4013SE~1\RESEARCH\PIC\MUTLIS~1\MCU\PROTOT~1\PROTOT~1\PROTOT~1\MAIN.ASM 66 : Found opcode in column 1. (clrf)
Error[122]   C:\USERS\BRANDON\DROPBOX\4013SE~1\RESEARCH\PIC\MUTLIS~1\MCU\PROTOT~1\PROTOT~1\PROTOT~1\MAIN.ASM 67 : Illegal opcode (_main)
Error[122]   C:\USERS\BRANDON\DROPBOX\4013SE~1\RESEARCH\PIC\MUTLIS~1\MCU\PROTOT~1\PROTOT~1\PROTOT~1\MAIN.ASM 68 : Illegal opcode (cstackBANK0)
Warning[205] C:\USERS\BRANDON\DROPBOX\4013SE~1\RESEARCH\PIC\MUTLIS~1\MCU\PROTOT~1\PROTOT~1\PROTOT~1\MAIN.ASM 69 : Found directive in column 1. (global)
Error[149]   C:\USERS\BRANDON\DROPBOX\4013SE~1\RESEARCH\PIC\MUTLIS~1\MCU\PROTOT~1\PROTOT~1\PROTOT~1\MAIN.ASM 69 : Directive only allowed when generating an object file
Error[149]   C:\USERS\BRANDON\DROPBOX\4013SE~1\RESEARCH\PIC\MUTLIS~1\MCU\PROTOT~1\PROTOT~1\PROTOT~1\MAIN.ASM 71 : Directive only allowed when generating an object file
Error[149]   C:\USERS\BRANDON\DROPBOX\4013SE~1\RESEARCH\PIC\MUTLIS~1\MCU\PROTOT~1\PROTOT~1\PROTOT~1\MAIN.ASM 73 : Directive only allowed when generating an object file
Warning[207] C:\USERS\BRANDON\DROPBOX\4013SE~1\RESEARCH\PIC\MUTLIS~1\MCU\PROTOT~1\PROTOT~1\PROTOT~1\MAIN.ASM 75 : Found label after column 1. (ds)
Error[108]   C:\USERS\BRANDON\DROPBOX\4013SE~1\RESEARCH\PIC\MUTLIS~1\MCU\PROTOT~1\PROTOT~1\PROTOT~1\MAIN.ASM 75 : Illegal character (3)
Error[149]   C:\USERS\BRANDON\DROPBOX\4013SE~1\RESEARCH\PIC\MUTLIS~1\MCU\PROTOT~1\PROTOT~1\PROTOT~1\MAIN.ASM 134 : Directive only allowed when generating an object file
Error[122]   C:\USERS\BRANDON\DROPBOX\4013SE~1\RESEARCH\PIC\MUTLIS~1\MCU\PROTOT~1\PROTOT~1\PROTOT~1\MAIN.ASM 135 : Illegal opcode (maintext)
Error[122]   C:\USERS\BRANDON\DROPBOX\4013SE~1\RESEARCH\PIC\MUTLIS~1\MCU\PROTOT~1\PROTOT~1\PROTOT~1\MAIN.ASM 164 : Illegal opcode (maintext)
Warning[207] C:\USERS\BRANDON\DROPBOX\4013SE~1\RESEARCH\PIC\MUTLIS~1\MCU\PROTOT~1\PROTOT~1\PROTOT~1\MAIN.ASM 165 : Found label after column 1. (file)
Error[108]   C:\USERS\BRANDON\DROPBOX\4013SE~1\RESEARCH\PIC\MUTLIS~1\MCU\PROTOT~1\PROTOT~1\PROTOT~1\MAIN.ASM 165 : Illegal character (")
Warning[207] C:\USERS\BRANDON\DROPBOX\4013SE~1\RESEARCH\PIC\MUTLIS~1\MCU\PROTOT~1\PROTOT~1\PROTOT~1\MAIN.ASM 166 : Found label after column 1. (line)
Error[108]   C:\USERS\BRANDON\DROPBOX\4013SE~1\RESEARCH\PIC\MUTLIS~1\MCU\PROTOT~1\PROTOT~1\PROTOT~1\MAIN.ASM 166 : Illegal character (2)
Error[149]   C:\USERS\BRANDON\DROPBOX\4013SE~1\RESEARCH\PIC\MUTLIS~1\MCU\PROTOT~1\PROTOT~1\PROTOT~1\MAIN.ASM 167 : Directive only allowed when generating an object file
Warning[207] C:\USERS\BRANDON\DROPBOX\4013SE~1\RESEARCH\PIC\MUTLIS~1\MCU\PROTOT~1\PROTOT~1\PROTOT~1\MAIN.ASM 168 : Found label after column 1. (__size_of_main)
Error[115]   C:\USERS\BRANDON\DROPBOX\4013SE~1\RESEARCH\PIC\MUTLIS~1\MCU\PROTOT~1\PROTOT~1\PROTOT~1\MAIN.ASM 168 : Duplicate label ("__size_of_main" or redefining symbol that cannot be redefined)
Warning[207] C:\USERS\BRANDON\DROPBOX\4013SE~1\RESEARCH\PIC\MUTLIS~1\MCU\PROTOT~1\PROTOT~1\PROTOT~1\MAIN.ASM 171 : Found label after column 1. (opt)
Error[122]   C:\USERS\BRANDON\DROPBOX\4013SE~1\RESEARCH\PIC\MUTLIS~1\MCU\PROTOT~1\PROTOT~1\PROTOT~1\MAIN.ASM 171 : Illegal opcode (stack)
Warning[207] C:\USERS\BRANDON\DROPBOX\4013SE~1\RESEARCH\PIC\MUTLIS~1\MCU\PROTOT~1\PROTOT~1\PROTOT~1\MAIN.ASM 173 : Found label after column 1. (line)
Error[108]   C:\USERS\BRANDON\DROPBOX\4013SE~1\RESEARCH\PIC\MUTLIS~1\MCU\PROTOT~1\PROTOT~1\PROTOT~1\MAIN.ASM 173 : Illegal character (2)
Message[302] C:\USERS\BRANDON\DROPBOX\4013SE~1\RESEARCH\PIC\MUTLIS~1\MCU\PROTOT~1\PROTOT~1\PROTOT~1\MAIN.ASM 178 : Register in operand not in bank 0.  Ensure that bank bits are correct.
Warning[207] C:\USERS\BRANDON\DROPBOX\4013SE~1\RESEARCH\PIC\MUTLIS~1\MCU\PROTOT~1\PROTOT~1\PROTOT~1\MAIN.ASM 179 : Found label after column 1. (line)
Error[108]   C:\USERS\BRANDON\DROPBOX\4013SE~1\RESEARCH\PIC\MUTLIS~1\MCU\PROTOT~1\PROTOT~1\PROTOT~1\MAIN.ASM 179 : Illegal character (2)
Warning[207] C:\USERS\BRANDON\DROPBOX\4013SE~1\RESEARCH\PIC\MUTLIS~1\MCU\PROTOT~1\PROTOT~1\PROTOT~1\MAIN.ASM 183 : Found label after column 1. (line)
Error[108]   C:\USERS\BRANDON\DROPBOX\4013SE~1\RESEARCH\PIC\MUTLIS~1\MCU\PROTOT~1\PROTOT~1\PROTOT~1\MAIN.ASM 183 : Illegal character (2)
Warning[207] C:\USERS\BRANDON\DROPBOX\4013SE~1\RESEARCH\PIC\MUTLIS~1\MCU\PROTOT~1\PROTOT~1\PROTOT~1\MAIN.ASM 188 : Found label after column 1. (opt)
Error[122]   C:\USERS\BRANDON\DROPBOX\4013SE~1\RESEARCH\PIC\MUTLIS~1\MCU\PROTOT~1\PROTOT~1\PROTOT~1\MAIN.ASM 188 : Illegal opcode (asmopt_off)
Warning[203] C:\USERS\BRANDON\DROPBOX\4013SE~1\RESEARCH\PIC\MUTLIS~1\MCU\PROTOT~1\PROTOT~1\PROTOT~1\MAIN.ASM 189 : Found opcode in column 1. (movlw)
Warning[203] C:\USERS\BRANDON\DROPBOX\4013SE~1\RESEARCH\PIC\MUTLIS~1\MCU\PROTOT~1\PROTOT~1\PROTOT~1\MAIN.ASM 190 : Found opcode in column 1. (movwf)
Error[108]   C:\USERS\BRANDON\DROPBOX\4013SE~1\RESEARCH\PIC\MUTLIS~1\MCU\PROTOT~1\PROTOT~1\PROTOT~1\MAIN.ASM 190 : Illegal character (,)
Warning[203] C:\USERS\BRANDON\DROPBOX\4013SE~1\RESEARCH\PIC\MUTLIS~1\MCU\PROTOT~1\PROTOT~1\PROTOT~1\MAIN.ASM 191 : Found opcode in column 1. (movlw)
Warning[202] C:\USERS\BRANDON\DROPBOX\4013SE~1\RESEARCH\PIC\MUTLIS~1\MCU\PROTOT~1\PROTOT~1\PROTOT~1\MAIN.ASM 191 : Argument out of range.  Least significant bits used.
Warning[203] C:\USERS\BRANDON\DROPBOX\4013SE~1\RESEARCH\PIC\MUTLIS~1\MCU\PROTOT~1\PROTOT~1\PROTOT~1\MAIN.ASM 192 : Found opcode in column 1. (movwf)
Error[108]   C:\USERS\BRANDON\DROPBOX\4013SE~1\RESEARCH\PIC\MUTLIS~1\MCU\PROTOT~1\PROTOT~1\PROTOT~1\MAIN.ASM 192 : Illegal character (,)
Warning[202] C:\USERS\BRANDON\DROPBOX\4013SE~1\RESEARCH\PIC\MUTLIS~1\MCU\PROTOT~1\PROTOT~1\PROTOT~1\MAIN.ASM 193 : Argument out of range.  Least significant bits used.
Warning[203] C:\USERS\BRANDON\DROPBOX\4013SE~1\RESEARCH\PIC\MUTLIS~1\MCU\PROTOT~1\PROTOT~1\PROTOT~1\MAIN.ASM 194 : Found opcode in column 1. (movwf)
Error[108]   C:\USERS\BRANDON\DROPBOX\4013SE~1\RESEARCH\PIC\MUTLIS~1\MCU\PROTOT~1\PROTOT~1\PROTOT~1\MAIN.ASM 194 : Illegal character (,)
Error[122]   C:\USERS\BRANDON\DROPBOX\4013SE~1\RESEARCH\PIC\MUTLIS~1\MCU\PROTOT~1\PROTOT~1\PROTOT~1\MAIN.ASM 203 : Illegal opcode (asmopt_on)
Warning[207] C:\USERS\BRANDON\DROPBOX\4013SE~1\RESEARCH\PIC\MUTLIS~1\MCU\PROTOT~1\PROTOT~1\PROTOT~1\MAIN.ASM 205 : Found label after column 1. (line)
Error[108]   C:\USERS\BRANDON\DROPBOX\4013SE~1\RESEARCH\PIC\MUTLIS~1\MCU\PROTOT~1\PROTOT~1\PROTOT~1\MAIN.ASM 205 : Illegal character (3)
Warning[207] C:\USERS\BRANDON\DROPBOX\4013SE~1\RESEARCH\PIC\MUTLIS~1\MCU\PROTOT~1\PROTOT~1\PROTOT~1\MAIN.ASM 211 : Found label after column 1. (line)
Error[108]   C:\USERS\BRANDON\DROPBOX\4013SE~1\RESEARCH\PIC\MUTLIS~1\MCU\PROTOT~1\PROTOT~1\PROTOT~1\MAIN.ASM 211 : Illegal character (3)
Warning[207] C:\USERS\BRANDON\DROPBOX\4013SE~1\RESEARCH\PIC\MUTLIS~1\MCU\PROTOT~1\PROTOT~1\PROTOT~1\MAIN.ASM 213 : Found label after column 1. (opt)
Error[122]   C:\USERS\BRANDON\DROPBOX\4013SE~1\RESEARCH\PIC\MUTLIS~1\MCU\PROTOT~1\PROTOT~1\PROTOT~1\MAIN.ASM 213 : Illegal opcode (asmopt_off)
Warning[203] C:\USERS\BRANDON\DROPBOX\4013SE~1\RESEARCH\PIC\MUTLIS~1\MCU\PROTOT~1\PROTOT~1\PROTOT~1\MAIN.ASM 214 : Found opcode in column 1. (movlw)
Warning[203] C:\USERS\BRANDON\DROPBOX\4013SE~1\RESEARCH\PIC\MUTLIS~1\MCU\PROTOT~1\PROTOT~1\PROTOT~1\MAIN.ASM 215 : Found opcode in column 1. (movwf)
Error[108]   C:\USERS\BRANDON\DROPBOX\4013SE~1\RESEARCH\PIC\MUTLIS~1\MCU\PROTOT~1\PROTOT~1\PROTOT~1\MAIN.ASM 215 : Illegal character (,)
Warning[203] C:\USERS\BRANDON\DROPBOX\4013SE~1\RESEARCH\PIC\MUTLIS~1\MCU\PROTOT~1\PROTOT~1\PROTOT~1\MAIN.ASM 216 : Found opcode in column 1. (movlw)
Warning[202] C:\USERS\BRANDON\DROPBOX\4013SE~1\RESEARCH\PIC\MUTLIS~1\MCU\PROTOT~1\PROTOT~1\PROTOT~1\MAIN.ASM 216 : Argument out of range.  Least significant bits used.
Warning[203] C:\USERS\BRANDON\DROPBOX\4013SE~1\RESEARCH\PIC\MUTLIS~1\MCU\PROTOT~1\PROTOT~1\PROTOT~1\MAIN.ASM 217 : Found opcode in column 1. (movwf)
Error[108]   C:\USERS\BRANDON\DROPBOX\4013SE~1\RESEARCH\PIC\MUTLIS~1\MCU\PROTOT~1\PROTOT~1\PROTOT~1\MAIN.ASM 217 : Illegal character (,)
Warning[202] C:\USERS\BRANDON\DROPBOX\4013SE~1\RESEARCH\PIC\MUTLIS~1\MCU\PROTOT~1\PROTOT~1\PROTOT~1\MAIN.ASM 218 : Argument out of range.  Least significant bits used.
Warning[203] C:\USERS\BRANDON\DROPBOX\4013SE~1\RESEARCH\PIC\MUTLIS~1\MCU\PROTOT~1\PROTOT~1\PROTOT~1\MAIN.ASM 219 : Found opcode in column 1. (movwf)
Error[108]   C:\USERS\BRANDON\DROPBOX\4013SE~1\RESEARCH\PIC\MUTLIS~1\MCU\PROTOT~1\PROTOT~1\PROTOT~1\MAIN.ASM 219 : Illegal character (,)
Error[122]   C:\USERS\BRANDON\DROPBOX\4013SE~1\RESEARCH\PIC\MUTLIS~1\MCU\PROTOT~1\PROTOT~1\PROTOT~1\MAIN.ASM 228 : Illegal opcode (asmopt_on)
Warning[207] C:\USERS\BRANDON\DROPBOX\4013SE~1\RESEARCH\PIC\MUTLIS~1\MCU\PROTOT~1\PROTOT~1\PROTOT~1\MAIN.ASM 230 : Found label after column 1. (line)
Error[108]   C:\USERS\BRANDON\DROPBOX\4013SE~1\RESEARCH\PIC\MUTLIS~1\MCU\PROTOT~1\PROTOT~1\PROTOT~1\MAIN.ASM 230 : Illegal character (3)
Error[149]   C:\USERS\BRANDON\DROPBOX\4013SE~1\RESEARCH\PIC\MUTLIS~1\MCU\PROTOT~1\PROTOT~1\PROTOT~1\MAIN.ASM 237 : Directive only allowed when generating an object file
Warning[207] C:\USERS\BRANDON\DROPBOX\4013SE~1\RESEARCH\PIC\MUTLIS~1\MCU\PROTOT~1\PROTOT~1\PROTOT~1\MAIN.ASM 238 : Found label after column 1. (ljmp)
Error[122]   C:\USERS\BRANDON\DROPBOX\4013SE~1\RESEARCH\PIC\MUTLIS~1\MCU\PROTOT~1\PROTOT~1\PROTOT~1\MAIN.ASM 238 : Illegal opcode (start)
Warning[207] C:\USERS\BRANDON\DROPBOX\4013SE~1\RESEARCH\PIC\MUTLIS~1\MCU\PROTOT~1\PROTOT~1\PROTOT~1\MAIN.ASM 239 : Found label after column 1. (opt)
Error[122]   C:\USERS\BRANDON\DROPBOX\4013SE~1\RESEARCH\PIC\MUTLIS~1\MCU\PROTOT~1\PROTOT~1\PROTOT~1\MAIN.ASM 239 : Illegal opcode (stack)
Error[122]   C:\USERS\BRANDON\DROPBOX\4013SE~1\RESEARCH\PIC\MUTLIS~1\MCU\PROTOT~1\PROTOT~1\PROTOT~1\MAIN.ASM 240 : Illegal opcode (maintext)
Warning[207] C:\USERS\BRANDON\DROPBOX\4013SE~1\RESEARCH\PIC\MUTLIS~1\MCU\PROTOT~1\PROTOT~1\PROTOT~1\MAIN.ASM 241 : Found label after column 1. (line)
Error[108]   C:\USERS\BRANDON\DROPBOX\4013SE~1\RESEARCH\PIC\MUTLIS~1\MCU\PROTOT~1\PROTOT~1\PROTOT~1\MAIN.ASM 241 : Illegal character (3)
Warning[205] C:\USERS\BRANDON\DROPBOX\4013SE~1\RESEARCH\PIC\MUTLIS~1\MCU\PROTOT~1\PROTOT~1\PROTOT~1\MAIN.ASM 242 : Found directive in column 1. (GLOBAL)
Error[149]   C:\USERS\BRANDON\DROPBOX\4013SE~1\RESEARCH\PIC\MUTLIS~1\MCU\PROTOT~1\PROTOT~1\PROTOT~1\MAIN.ASM 242 : Directive only allowed when generating an object file
Warning[207] C:\USERS\BRANDON\DROPBOX\4013SE~1\RESEARCH\PIC\MUTLIS~1\MCU\PROTOT~1\PROTOT~1\PROTOT~1\MAIN.ASM 243 : Found label after column 1. (__end_of_main)
Warning[207] C:\USERS\BRANDON\DROPBOX\4013SE~1\RESEARCH\PIC\MUTLIS~1\MCU\PROTOT~1\PROTOT~1\PROTOT~1\MAIN.ASM 246 : Found label after column 1. (signat)
Error[122]   C:\USERS\BRANDON\DROPBOX\4013SE~1\RESEARCH\PIC\MUTLIS~1\MCU\PROTOT~1\PROTOT~1\PROTOT~1\MAIN.ASM 246 : Illegal opcode (_main)
Error[149]   C:\USERS\BRANDON\DROPBOX\4013SE~1\RESEARCH\PIC\MUTLIS~1\MCU\PROTOT~1\PROTOT~1\PROTOT~1\MAIN.ASM 247 : Directive only allowed when generating an object file
Warning[207] C:\USERS\BRANDON\DROPBOX\4013SE~1\RESEARCH\PIC\MUTLIS~1\MCU\PROTOT~1\PROTOT~1\PROTOT~1\MAIN.ASM 248 : Found label after column 1. (btemp)
Warning[207] C:\USERS\BRANDON\DROPBOX\4013SE~1\RESEARCH\PIC\MUTLIS~1\MCU\PROTOT~1\PROTOT~1\PROTOT~1\MAIN.ASM 250 : Found label after column 1. (DABS)
Error[108]   C:\USERS\BRANDON\DROPBOX\4013SE~1\RESEARCH\PIC\MUTLIS~1\MCU\PROTOT~1\PROTOT~1\PROTOT~1\MAIN.ASM 250 : Illegal character (1)
Error[149]   C:\USERS\BRANDON\DROPBOX\4013SE~1\RESEARCH\PIC\MUTLIS~1\MCU\PROTOT~1\PROTOT~1\PROTOT~1\MAIN.ASM 251 : Directive only allowed when generating an object file
Warning[207] C:\USERS\BRANDON\DROPBOX\4013SE~1\RESEARCH\PIC\MUTLIS~1\MCU\PROTOT~1\PROTOT~1\PROTOT~1\MAIN.ASM 252 : Found label after column 1. (wtemp0)
